[2019-06-24 10:50:11.106848] INFO: jiekou: 获取应用更新信息
[2019-06-24 10:50:12.374246] INFO: jiekou: 获取应用更新信息-versioncode等于更新版本
[2019-06-24 10:50:12.411526] INFO: jiekou: 获取应用更新信息-versioncode大于更新版本
[2019-06-24 10:50:12.451133] INFO: jiekou: 获取应用更新信息-versionname带有特殊字符
[2019-06-24 10:51:02.378379] INFO: jiekou: 获取应用更新信息-versioncode带有特殊字符
[2019-06-24 10:51:06.905887] INFO: jiekou: 获取应用更新信息
[2019-06-24 10:51:06.991758] INFO: jiekou: 获取应用更新信息-versioncode等于更新版本
[2019-06-24 10:51:07.058890] INFO: jiekou: 获取应用更新信息-versioncode大于更新版本
[2019-06-24 10:51:07.094741] INFO: jiekou: 获取应用更新信息-versionname带有特殊字符
[2019-06-24 10:51:40.506197] INFO: jiekou: 获取应用更新信息
[2019-06-24 10:51:40.582007] INFO: jiekou: 获取应用更新信息-versioncode等于更新版本
[2019-06-24 10:51:40.617562] INFO: jiekou: 获取应用更新信息-versioncode大于更新版本
[2019-06-24 10:51:40.647025] INFO: jiekou: 获取应用更新信息-versionname带有特殊字符
[2019-06-24 10:52:11.498952] INFO: jiekou: 获取应用更新信息
[2019-06-24 10:52:11.571711] INFO: jiekou: 获取应用更新信息-versioncode等于更新版本
[2019-06-24 10:52:11.623343] INFO: jiekou: 获取应用更新信息-versioncode大于更新版本
[2019-06-24 10:52:34.473684] INFO: jiekou: 获取应用更新信息
[2019-06-24 10:52:34.533469] INFO: jiekou: 获取应用更新信息-versioncode等于更新版本
[2019-06-24 10:52:34.571699] INFO: jiekou: 获取应用更新信息-versioncode大于更新版本
[2019-06-24 10:57:30.854884] INFO: jiekou: 注册成功
[2019-06-24 10:57:30.927564] INFO: jiekou: 注册失败-phoneNo传空
[2019-06-24 10:57:30.981875] INFO: jiekou: 注册失败-phoneNo不传
[2019-06-24 10:57:31.024070] INFO: jiekou: 注册失败-phoneNo已注册
[2019-06-24 11:00:22.239630] INFO: jiekou: 注册成功
[2019-06-24 11:00:22.304543] INFO: jiekou: 注册失败-phoneNo传空
[2019-06-24 11:00:22.355928] INFO: jiekou: 注册失败-phoneNo不传
[2019-06-24 11:00:22.397970] INFO: jiekou: 注册失败-phoneNo已注册
[2019-06-24 11:50:11.069744] INFO: jiekou: 注册失败-phoneNo传空
[2019-06-24 11:50:11.158602] INFO: jiekou: 注册失败-phoneNo不传
[2019-06-24 11:50:11.181297] INFO: jiekou: 注册失败-phoneNo已注册
[2019-06-24 11:50:32.832569] INFO: jiekou: 注册失败-phoneNo传空
[2019-06-24 11:50:32.916526] INFO: jiekou: 注册失败-phoneNo不传
[2019-06-24 11:50:32.965834] INFO: jiekou: 注册失败-phoneNo已注册
[2019-06-24 14:19:44.848653] INFO: jiekou: 新用户开户
[2019-06-24 14:19:45.563733] INFO: jiekou: 新用户开户-身份证号带有X
[2019-06-24 14:19:45.589309] INFO: jiekou: 新用户开户-身份证号错误
[2019-06-24 14:19:45.612004] INFO: jiekou: 新用户开户-身份证格式错误
[2019-06-24 14:19:45.647069] INFO: jiekou: 已经开户用户开户
[2019-06-24 14:20:36.830563] INFO: jiekou: 新用户开户
[2019-06-24 14:20:36.885616] INFO: jiekou: 新用户开户-身份证号带有X
[2019-06-24 14:20:36.909765] INFO: jiekou: 新用户开户-身份证号错误
[2019-06-24 14:20:36.950786] INFO: jiekou: 新用户开户-身份证格式错误
[2019-06-24 14:20:36.981612] INFO: jiekou: 已经开户用户开户
[2019-06-24 14:21:31.606552] INFO: jiekou: 新用户开户
[2019-06-24 14:21:31.650192] INFO: jiekou: 新用户开户-身份证号带有X
[2019-06-24 14:21:31.672944] INFO: jiekou: 新用户开户-身份证号错误
[2019-06-24 14:21:31.695351] INFO: jiekou: 新用户开户-身份证格式错误
[2019-06-24 14:21:31.718037] INFO: jiekou: 已经开户用户开户
[2019-06-24 14:23:22.155330] INFO: jiekou: 新用户开户
[2019-06-24 14:23:22.222880] INFO: jiekou: 新用户开户-身份证号带有X
[2019-06-24 14:23:22.256205] INFO: jiekou: 新用户开户-身份证号错误
[2019-06-24 14:23:22.287681] INFO: jiekou: 新用户开户-身份证格式错误
[2019-06-24 14:23:22.320235] INFO: jiekou: 已经开户用户开户
[2019-06-24 14:24:32.059043] INFO: jiekou: 登录成功
[2019-06-24 14:25:03.868761] INFO: jiekou: 登录成功
[2019-06-24 14:25:15.164185] INFO: jiekou: 登录成功
[2019-06-24 14:25:55.710323] INFO: jiekou: 登录成功
[2019-06-24 18:09:01.505045] INFO: jiekou: 登录成功
[2019-06-24 18:09:48.796452] INFO: jiekou: 获取应用更新信息
[2019-06-24 18:09:49.251300] INFO: jiekou: 获取应用更新信息-versioncode等于更新版本
[2019-06-24 18:09:49.296639] INFO: jiekou: 获取应用更新信息-versioncode大于更新版本
[2019-06-24 18:13:52.465390] INFO: jiekou: 获取应用更新信息
[2019-06-24 18:13:52.572494] INFO: jiekou: 获取应用更新信息-versioncode等于更新版本
[2019-06-24 18:13:52.626746] INFO: jiekou: 获取应用更新信息-versioncode大于更新版本
[2019-06-24 18:14:00.757116] INFO: jiekou: 登录成功
[2019-06-24 18:16:10.488491] INFO: jiekou: 登录成功
[2019-06-24 18:19:26.678191] INFO: jiekou: 公告信息
[2019-06-24 18:22:31.920065] INFO: jiekou: 公告信息
[2019-06-24 18:23:13.932592] INFO: jiekou: 公告信息
[2019-06-24 18:23:33.299339] INFO: jiekou: 公告详细信息
[2019-06-24 18:23:33.417533] INFO: jiekou: 公告详细信息-id不存在
[2019-06-24 18:27:22.482984] INFO: jiekou: 公告详细信息
[2019-06-24 18:27:22.605417] INFO: jiekou: 公告详细信息-id不存在
[2019-06-24 18:30:39.834257] INFO: jiekou: 站内信列表
[2019-06-24 18:30:39.979087] INFO: jiekou: 站内信列表-userid为空
[2019-06-24 18:30:40.025126] INFO: jiekou: 站内信列表-logintoken错误
[2019-06-24 18:30:40.206934] INFO: jiekou: 站内信列表-userid为String
[2019-06-24 18:31:33.283039] INFO: jiekou: 登录成功
[2019-06-24 18:32:09.986774] INFO: jiekou: 登录成功
[2019-06-24 18:32:31.282226] INFO: jiekou: 站内信列表
[2019-06-24 18:32:31.333860] INFO: jiekou: 站内信列表-userid为空
[2019-06-24 18:32:31.373939] INFO: jiekou: 站内信列表-logintoken错误
[2019-06-24 18:32:31.406577] INFO: jiekou: 站内信列表-userid为String
[2019-06-24 18:35:17.112585] INFO: jiekou: 检查是否注册
[2019-06-24 18:35:17.206800] INFO: jiekou: 检查是否注册-手机已经注册
[2019-06-24 18:35:17.258544] INFO: jiekou: 检查是否注册-手机11位
[2019-06-24 18:35:17.361595] INFO: jiekou: 检查是否注册-手机带有字母
[2019-06-24 18:43:56.920550] INFO: jiekou: 检查是否注册
[2019-06-24 18:43:57.175464] INFO: jiekou: 检查是否注册-手机已经注册
[2019-06-24 18:43:57.244032] INFO: jiekou: 检查是否注册-手机11位
[2019-06-24 18:43:57.276498] INFO: jiekou: 检查是否注册-手机带有字母
[2019-06-24 18:44:12.383705] INFO: jiekou: 注册成功
[2019-06-24 18:44:40.356413] INFO: jiekou: 登录成功
[2019-06-24 18:46:51.623253] INFO: jiekou: 登录成功
[2019-06-24 18:47:09.820807] INFO: jiekou: 登录成功
[2019-06-24 18:48:10.310274] INFO: jiekou: 登录成功
[2019-06-24 18:52:01.834034] INFO: jiekou: 登录成功
[2019-06-24 19:00:28.168885] INFO: jiekou: 登录成功
[2019-06-24 19:03:55.576146] INFO: jiekou: 登录成功
[2019-06-24 19:06:06.473772] INFO: jiekou: 登录成功
[2019-06-24 19:08:19.525558] INFO: jiekou: 登录成功
