[2019-06-25 10:05:37.785250] INFO: jiekou: 登录成功
[2019-06-25 10:08:20.358811] INFO: jiekou: 新用户开户
[2019-06-25 10:08:21.181981] INFO: jiekou: 新用户开户-身份证号带有X
[2019-06-25 10:08:21.221520] INFO: jiekou: 新用户开户-身份证号错误
[2019-06-25 10:08:21.264883] INFO: jiekou: 新用户开户-身份证格式错误
[2019-06-25 10:08:21.307709] INFO: jiekou: 已经开户用户开户
[2019-06-25 10:08:53.292410] INFO: jiekou: 新用户开户
[2019-06-25 10:09:13.418833] INFO: jiekou: 新用户开户-身份证号带有X
[2019-06-25 10:09:33.549892] INFO: jiekou: 新用户开户-身份证号错误
[2019-06-25 10:09:33.586811] INFO: jiekou: 新用户开户-身份证格式错误
[2019-06-25 10:09:33.632894] INFO: jiekou: 已经开户用户开户
[2019-06-25 10:11:09.382843] INFO: jiekou: 新用户开户
[2019-06-25 10:11:29.506338] INFO: jiekou: 新用户开户-身份证号带有X
[2019-06-25 10:11:49.676385] INFO: jiekou: 新用户开户-身份证号错误
[2019-06-25 10:11:49.704516] INFO: jiekou: 新用户开户-身份证格式错误
[2019-06-25 10:11:49.730531] INFO: jiekou: 已经开户用户开户
[2019-06-25 10:25:54.558314] INFO: jiekou: 注册成功
[2019-06-25 10:26:29.766943] INFO: jiekou: 登录成功
[2019-06-25 10:26:30.006912] INFO: jiekou: 登录-超级债权人登录成功
[2019-06-25 10:26:50.099159] INFO: jiekou: 登录-没开户用户登录成功
[2019-06-25 10:27:10.171087] INFO: jiekou: 登录-借款用户登录成功
[2019-06-25 10:27:30.251969] INFO: jiekou: 登录-登录失败phoneNo传空
[2019-06-25 10:27:30.282093] INFO: jiekou: 登录-登录失败passWord错误
[2019-06-25 10:27:50.379776] INFO: jiekou: 登录-登录失败passWord为空
[2019-06-25 10:28:10.476943] INFO: jiekou: 登录-登录失败手机格式错误
[2019-06-25 10:35:54.063326] INFO: jiekou: 登录成功
[2019-06-25 10:36:14.305848] INFO: jiekou: 登录-超级债权人登录成功
[2019-06-25 10:36:30.031818] INFO: jiekou: 登录-没开户用户登录成功
[2019-06-25 10:36:50.174961] INFO: jiekou: 登录-借款用户登录成功
[2019-06-25 10:37:10.348845] INFO: jiekou: 登录-登录失败phoneNo传空
[2019-06-25 10:37:10.367296] INFO: jiekou: 登录-登录失败passWord错误
[2019-06-25 10:37:30.442352] INFO: jiekou: 登录-登录失败passWord为空
[2019-06-25 10:37:50.536111] INFO: jiekou: 登录-登录失败手机格式错误
[2019-06-25 10:40:38.101293] INFO: jiekou: 登录成功
[2019-06-25 10:40:58.693231] INFO: jiekou: 登录-超级债权人登录成功
[2019-06-25 10:41:18.786070] INFO: jiekou: 登录-没开户用户登录成功
[2019-06-25 10:41:38.943651] INFO: jiekou: 登录-借款用户登录成功
[2019-06-25 10:41:59.028170] INFO: jiekou: 登录-登录失败phoneNo传空
[2019-06-25 10:41:59.056056] INFO: jiekou: 登录-登录失败passWord错误
[2019-06-25 10:42:19.129034] INFO: jiekou: 登录-登录失败passWord为空
[2019-06-25 10:42:39.225803] INFO: jiekou: 登录-登录失败手机格式错误
[2019-06-25 10:57:33.904930] INFO: jiekou: 登录成功
[2019-06-25 10:57:34.363955] INFO: jiekou: 登录-超级债权人登录成功
[2019-06-25 10:57:54.523118] INFO: jiekou: 登录-没开户用户登录成功
[2019-06-25 10:57:57.851819] INFO: jiekou: 登录-借款用户登录成功
[2019-06-25 10:58:06.034388] INFO: jiekou: 登录成功
[2019-06-25 10:58:06.535153] INFO: jiekou: 登录-超级债权人登录成功
[2019-06-25 10:58:06.647701] INFO: jiekou: 登录-没开户用户登录成功
[2019-06-25 10:58:06.799948] INFO: jiekou: 登录-借款用户登录成功
[2019-06-25 10:58:10.789525] INFO: jiekou: 登录成功
[2019-06-25 10:58:10.917204] INFO: jiekou: 登录-超级债权人登录成功
[2019-06-25 10:58:11.036526] INFO: jiekou: 登录-没开户用户登录成功
[2019-06-25 10:58:11.129013] INFO: jiekou: 登录-借款用户登录成功
[2019-06-25 10:58:11.252702] INFO: jiekou: 登录-登录失败phoneNo传空
[2019-06-25 10:58:11.288604] INFO: jiekou: 登录-登录失败passWord错误
[2019-06-25 10:58:11.366993] INFO: jiekou: 登录-登录失败passWord为空
[2019-06-25 10:58:11.431381] INFO: jiekou: 登录-登录失败手机格式错误
[2019-06-25 10:58:17.940959] INFO: jiekou: 登录-登录失败phoneNo传空
[2019-06-25 10:58:17.968300] INFO: jiekou: 登录-登录失败passWord错误
[2019-06-25 10:58:38.066710] INFO: jiekou: 登录-登录失败passWord为空
[2019-06-25 10:58:53.264152] INFO: jiekou: 登录成功
[2019-06-25 10:58:58.146886] INFO: jiekou: 登录-登录失败手机格式错误
[2019-06-25 10:59:13.388164] INFO: jiekou: 登录-超级债权人登录成功
[2019-06-25 10:59:33.539339] INFO: jiekou: 登录-没开户用户登录成功
[2019-06-25 10:59:53.615863] INFO: jiekou: 登录-借款用户登录成功
[2019-06-25 11:00:13.709906] INFO: jiekou: 登录-登录失败phoneNo传空
[2019-06-25 11:00:13.776563] INFO: jiekou: 登录-登录失败passWord错误
[2019-06-25 11:00:33.860876] INFO: jiekou: 登录-登录失败passWord为空
[2019-06-25 11:00:54.027228] INFO: jiekou: 登录-登录失败手机格式错误
[2019-06-25 11:02:06.486863] INFO: jiekou: 登录成功
[2019-06-25 11:02:26.706921] INFO: jiekou: 登录-超级债权人登录成功
[2019-06-25 11:02:46.770130] INFO: jiekou: 登录-没开户用户登录成功
[2019-06-25 11:03:07.090462] INFO: jiekou: 登录-借款用户登录成功
[2019-06-25 11:03:27.160579] INFO: jiekou: 登录-登录失败phoneNo传空
[2019-06-25 11:03:27.223337] INFO: jiekou: 登录-登录失败passWord错误
[2019-06-25 11:03:47.307816] INFO: jiekou: 登录-登录失败passWord为空
[2019-06-25 11:04:07.444091] INFO: jiekou: 登录-登录失败手机格式错误
[2019-06-25 15:55:00.994230] INFO: jiekou: 获取短信验证码
[2019-06-25 15:55:01.266482] INFO: jiekou: 获取短信验证码-图形验证码错误
[2019-06-25 15:55:01.300958] INFO: jiekou: 获取短信验证码-手机格式错误
[2019-06-25 15:55:40.755496] INFO: jiekou: 公告信息
[2019-06-25 15:55:51.288539] INFO: jiekou: 公告详细信息
[2019-06-25 15:55:51.357955] INFO: jiekou: 公告详细信息-id不存在
[2019-06-25 15:56:01.705930] INFO: jiekou: 站内信列表
[2019-06-25 15:56:01.784102] INFO: jiekou: 站内信列表-userid为空
[2019-06-25 15:56:01.844251] INFO: jiekou: 站内信列表-logintoken错误
[2019-06-25 15:56:01.881170] INFO: jiekou: 站内信列表-userid为String
[2019-06-25 15:56:46.432815] INFO: jiekou: 站内信列表
[2019-06-25 15:56:46.535228] INFO: jiekou: 站内信列表-userid为空
[2019-06-25 15:56:46.583450] INFO: jiekou: 站内信列表-logintoken错误
[2019-06-25 15:56:46.624879] INFO: jiekou: 站内信列表-userid为String
[2019-06-25 15:57:45.510909] INFO: jiekou: 站内信列表
[2019-06-25 15:57:45.600670] INFO: jiekou: 站内信列表-userid为空
[2019-06-25 15:57:45.673213] INFO: jiekou: 站内信列表-logintoken错误
[2019-06-25 15:57:45.719559] INFO: jiekou: 站内信列表-userid为String
[2019-06-25 15:59:30.513612] INFO: jiekou: 站内信列表
[2019-06-25 15:59:30.665426] INFO: jiekou: 站内信列表-userid为空
[2019-06-25 15:59:30.696276] INFO: jiekou: 站内信列表-logintoken错误
[2019-06-25 15:59:30.736490] INFO: jiekou: 站内信列表-userid为String
[2019-06-25 16:01:03.836336] INFO: jiekou: 站内信列表
[2019-06-25 16:01:04.084796] INFO: jiekou: 站内信列表-userid为空
[2019-06-25 16:01:04.108461] INFO: jiekou: 站内信列表-logintoken错误
[2019-06-25 16:01:04.130751] INFO: jiekou: 站内信列表-userid为String
[2019-06-25 16:03:43.565304] INFO: jiekou: 站内信列表
[2019-06-25 16:03:43.635562] INFO: jiekou: 站内信列表-userid为空
[2019-06-25 16:03:43.667773] INFO: jiekou: 站内信列表-logintoken错误
[2019-06-25 16:03:43.720298] INFO: jiekou: 站内信列表-userid为String
[2019-06-25 16:04:47.066741] INFO: jiekou: 站内信列表
[2019-06-25 16:04:47.305156] INFO: jiekou: 站内信列表-userid为空
[2019-06-25 16:04:47.487119] INFO: jiekou: 站内信列表-logintoken错误
[2019-06-25 16:04:47.535913] INFO: jiekou: 站内信列表-userid为String
