[2019-06-26 18:39:57.473885] INFO: jiekou: 登录成功
[2019-06-26 18:40:02.341448] INFO: jiekou: 登录成功
[2019-06-26 18:43:08.740185] INFO: jiekou: 登录成功
[2019-06-26 18:44:13.792096] INFO: jiekou: 登录成功
[2019-06-26 18:57:14.141104] INFO: jiekou: 登录成功
[2019-06-26 18:57:18.310018] INFO: jiekou: 登录成功
[2019-06-26 18:57:25.422062] INFO: jiekou: 登录成功
[2019-06-26 18:57:36.242539] INFO: jiekou: 登录成功
[2019-06-26 18:57:36.352377] INFO: jiekou: 登录-超级债权人登录成功
[2019-06-26 18:57:36.423752] INFO: jiekou: 登录-没开户用户登录成功
[2019-06-26 18:57:36.510135] INFO: jiekou: 登录-借款用户登录成功
[2019-06-26 18:57:36.578877] INFO: jiekou: 登录-登录失败phoneNo传空
[2019-06-26 18:57:36.880705] INFO: jiekou: 登录-登录失败passWord错误
[2019-06-26 18:57:37.100852] INFO: jiekou: 登录-登录失败passWord为空
[2019-06-26 18:57:37.152697] INFO: jiekou: 登录-登录失败手机格式错误
[2019-06-26 18:57:50.087443] INFO: jiekou: 注册成功
[2019-06-26 18:58:40.753293] INFO: jiekou: 注册成功
[2019-06-26 18:59:34.172033] INFO: jiekou: 注册成功
[2019-06-26 19:00:26.685274] INFO: jiekou: 注册成功
[2019-06-26 19:01:16.399593] INFO: jiekou: 注册成功
[2019-06-26 19:01:33.248898] INFO: jiekou: 注册成功
