[2019-04-19 14:07:17.174159] INFO: jiekou: 返回待发放奖品开始结束时间
[2019-04-19 14:07:17.301233] INFO: jiekou: 邀请好友列表-姜超
[2019-04-19 14:07:17.343656] INFO: jiekou: 邀请好友列表-超
[2019-04-19 14:07:17.357616] INFO: jiekou: 活动参与人数
[2019-04-19 14:07:17.376566] INFO: jiekou: 奖励人数
[2019-04-19 14:07:17.387535] INFO: jiekou: 当月赚取的人脉奖励
[2019-04-19 14:07:17.394574] INFO: jiekou: 我的当月邀请人
[2019-04-19 14:07:17.414500] INFO: jiekou: 我的邀請好友
[2019-04-19 14:07:17.447385] INFO: jiekou: 获取我的邀请码
[2019-04-19 14:07:17.483287] INFO: jiekou: 我的累计好友数量
[2019-04-19 14:07:17.538133] INFO: jiekou: 累计赚取金额
[2019-04-19 14:07:17.548142] INFO: jiekou: 累计待收佣金
[2019-04-19 14:07:17.558093] INFO: jiekou: 昨日赚取佣金
[2019-04-19 14:09:23.637523] INFO: jiekou: 返回待发放奖品开始结束时间
[2019-04-19 14:09:23.650489] INFO: jiekou: 邀请好友列表-姜超
[2019-04-19 14:09:23.659464] INFO: jiekou: 邀请好友列表-超
[2019-04-19 14:09:23.667444] INFO: jiekou: 活动参与人数
[2019-04-19 14:09:23.675425] INFO: jiekou: 奖励人数
[2019-04-19 14:09:23.680409] INFO: jiekou: 当月赚取的人脉奖励
[2019-04-19 14:09:23.689386] INFO: jiekou: 我的当月邀请人
[2019-04-19 14:09:23.707338] INFO: jiekou: 我的邀請好友
[2019-04-19 14:09:23.730281] INFO: jiekou: 获取我的邀请码
[2019-04-19 14:09:23.748259] INFO: jiekou: 我的累计好友数量
[2019-04-19 14:09:23.808091] INFO: jiekou: 累计赚取金额
[2019-04-19 14:09:23.816048] INFO: jiekou: 累计待收佣金
[2019-04-19 14:09:23.824025] INFO: jiekou: 昨日赚取佣金
[2019-04-19 14:19:27.515546] INFO: jiekou: 返回待发放奖品开始结束时间
[2019-04-19 14:19:27.595340] INFO: jiekou: 邀请好友列表-姜超
[2019-04-19 14:19:27.603318] INFO: jiekou: 邀请好友列表-超
[2019-04-19 14:19:27.611298] INFO: jiekou: 活动参与人数
[2019-04-19 14:19:27.619276] INFO: jiekou: 奖励人数
[2019-04-19 14:19:27.623265] INFO: jiekou: 当月赚取的人脉奖励
[2019-04-19 14:19:27.630276] INFO: jiekou: 我的当月邀请人
[2019-04-19 14:19:27.644213] INFO: jiekou: 我的邀請好友
[2019-04-19 14:19:27.665153] INFO: jiekou: 获取我的邀请码
[2019-04-19 14:19:27.673160] INFO: jiekou: 我的累计好友数量
[2019-04-19 14:19:27.722998] INFO: jiekou: 累计赚取金额
[2019-04-19 14:19:27.729980] INFO: jiekou: 累计待收佣金
[2019-04-19 14:19:27.737002] INFO: jiekou: 昨日赚取佣金
[2019-04-19 14:25:57.420580] INFO: jiekou: 返回待发放奖品开始结束时间
[2019-04-19 14:25:57.432517] INFO: jiekou: 邀请好友列表-姜超
[2019-04-19 14:25:57.443485] INFO: jiekou: 邀请好友列表-超
[2019-04-19 14:25:57.458445] INFO: jiekou: 活动参与人数
[2019-04-19 14:25:57.466424] INFO: jiekou: 奖励人数
[2019-04-19 14:25:57.470419] INFO: jiekou: 当月赚取的人脉奖励
[2019-04-19 14:25:57.477395] INFO: jiekou: 我的当月邀请人
[2019-04-19 14:25:57.491357] INFO: jiekou: 我的邀請好友
[2019-04-19 14:25:57.509338] INFO: jiekou: 获取我的邀请码
[2019-04-19 14:25:57.518285] INFO: jiekou: 我的累计好友数量
[2019-04-19 14:25:57.572166] INFO: jiekou: 累计赚取金额
[2019-04-19 14:25:57.578126] INFO: jiekou: 累计待收佣金
[2019-04-19 14:25:57.585107] INFO: jiekou: 昨日赚取佣金
[2019-04-19 14:28:27.413210] INFO: jiekou: 返回待发放奖品开始结束时间
[2019-04-19 14:28:27.423182] INFO: jiekou: 邀请好友列表-姜超
[2019-04-19 14:28:27.435183] INFO: jiekou: 邀请好友列表-超
[2019-04-19 14:28:27.446121] INFO: jiekou: 活动参与人数
[2019-04-19 14:28:27.456100] INFO: jiekou: 奖励人数
[2019-04-19 14:28:27.464079] INFO: jiekou: 当月赚取的人脉奖励
[2019-04-19 14:28:27.472057] INFO: jiekou: 我的当月邀请人
[2019-04-19 14:28:27.491002] INFO: jiekou: 我的邀請好友
[2019-04-19 14:28:27.516933] INFO: jiekou: 获取我的邀请码
[2019-04-19 14:28:27.538875] INFO: jiekou: 我的累计好友数量
[2019-04-19 14:28:27.608432] INFO: jiekou: 累计赚取金额
[2019-04-19 14:28:27.616375] INFO: jiekou: 累计待收佣金
[2019-04-19 14:28:27.626352] INFO: jiekou: 昨日赚取佣金
[2019-04-19 14:29:24.003583] INFO: jiekou: 返回待发放奖品开始结束时间
[2019-04-19 14:29:24.013558] INFO: jiekou: 邀请好友列表-姜超
[2019-04-19 14:29:24.020565] INFO: jiekou: 邀请好友列表-超
[2019-04-19 14:29:24.028515] INFO: jiekou: 活动参与人数
[2019-04-19 14:29:24.035528] INFO: jiekou: 奖励人数
[2019-04-19 14:29:24.040487] INFO: jiekou: 当月赚取的人脉奖励
[2019-04-19 14:29:24.048479] INFO: jiekou: 我的当月邀请人
[2019-04-19 14:29:24.062425] INFO: jiekou: 我的邀請好友
[2019-04-19 14:29:24.101361] INFO: jiekou: 获取我的邀请码
[2019-04-19 14:29:24.124772] INFO: jiekou: 我的累计好友数量
[2019-04-19 14:29:24.220546] INFO: jiekou: 累计赚取金额
[2019-04-19 14:29:24.227527] INFO: jiekou: 累计待收佣金
[2019-04-19 14:29:24.244455] INFO: jiekou: 昨日赚取佣金
[2019-04-19 14:33:38.719187] INFO: jiekou: 返回待发放奖品开始结束时间
[2019-04-19 14:33:38.729132] INFO: jiekou: 邀请好友列表-姜超
[2019-04-19 14:33:38.737111] INFO: jiekou: 邀请好友列表-超
[2019-04-19 14:33:38.747084] INFO: jiekou: 活动参与人数
[2019-04-19 14:33:38.753097] INFO: jiekou: 奖励人数
[2019-04-19 14:33:38.758054] INFO: jiekou: 当月赚取的人脉奖励
[2019-04-19 14:33:38.763042] INFO: jiekou: 我的当月邀请人
[2019-04-19 14:33:38.776009] INFO: jiekou: 我的邀請好友
[2019-04-19 14:33:38.794955] INFO: jiekou: 获取我的邀请码
[2019-04-19 14:33:38.810914] INFO: jiekou: 我的累计好友数量
[2019-04-19 14:33:38.866772] INFO: jiekou: 累计赚取金额
[2019-04-19 14:33:38.875740] INFO: jiekou: 累计待收佣金
[2019-04-19 14:33:38.883719] INFO: jiekou: 昨日赚取佣金
[2019-04-19 14:41:31.649819] INFO: jiekou: 返回待发放奖品开始结束时间
[2019-04-19 14:41:31.663774] INFO: jiekou: 邀请好友列表-姜超
[2019-04-19 14:41:31.702948] INFO: jiekou: 邀请好友列表-超
[2019-04-19 14:41:31.717878] INFO: jiekou: 活动参与人数
[2019-04-19 14:41:31.740856] INFO: jiekou: 奖励人数
[2019-04-19 14:41:31.748836] INFO: jiekou: 当月赚取的人脉奖励
[2019-04-19 14:41:31.757774] INFO: jiekou: 我的当月邀请人
[2019-04-19 14:41:31.780714] INFO: jiekou: 我的邀請好友
[2019-04-19 14:41:31.811664] INFO: jiekou: 获取我的邀请码
[2019-04-19 14:41:31.835592] INFO: jiekou: 我的累计好友数量
[2019-04-19 14:41:31.914431] INFO: jiekou: 累计赚取金额
[2019-04-19 14:41:31.922371] INFO: jiekou: 累计待收佣金
[2019-04-19 14:41:31.930439] INFO: jiekou: 昨日赚取佣金
[2019-04-19 14:49:09.159867] INFO: jiekou: 返回待发放奖品开始结束时间
[2019-04-19 14:49:09.167821] INFO: jiekou: 邀请好友列表-姜超
[2019-04-19 14:49:09.176796] INFO: jiekou: 邀请好友列表-超
[2019-04-19 14:49:09.184776] INFO: jiekou: 活动参与人数
[2019-04-19 14:49:09.190886] INFO: jiekou: 奖励人数
[2019-04-19 14:49:09.196744] INFO: jiekou: 当月赚取的人脉奖励
[2019-04-19 14:49:09.203847] INFO: jiekou: 我的当月邀请人
[2019-04-19 14:49:09.220797] INFO: jiekou: 我的邀請好友
[2019-04-19 14:49:09.243810] INFO: jiekou: 获取我的邀请码
[2019-04-19 14:49:09.259938] INFO: jiekou: 我的累计好友数量
[2019-04-19 14:49:09.306983] INFO: jiekou: 累计赚取金额
[2019-04-19 14:49:09.313924] INFO: jiekou: 累计待收佣金
[2019-04-19 14:49:09.320920] INFO: jiekou: 昨日赚取佣金
[2019-04-19 14:54:39.798876] INFO: jiekou: 返回待发放奖品开始结束时间
[2019-04-19 14:54:39.810253] INFO: jiekou: 邀请好友列表-姜超
[2019-04-19 14:54:39.819260] INFO: jiekou: 邀请好友列表-超
[2019-04-19 14:54:39.827237] INFO: jiekou: 活动参与人数
[2019-04-19 14:54:39.833224] INFO: jiekou: 奖励人数
[2019-04-19 14:54:39.838180] INFO: jiekou: 当月赚取的人脉奖励
[2019-04-19 14:54:39.846160] INFO: jiekou: 我的当月邀请人
[2019-04-19 14:54:39.862116] INFO: jiekou: 我的邀請好友
[2019-04-19 14:54:39.885122] INFO: jiekou: 获取我的邀请码
[2019-04-19 14:54:39.901077] INFO: jiekou: 我的累计好友数量
[2019-04-19 14:54:39.959963] INFO: jiekou: 累计赚取金额
[2019-04-19 14:54:39.966907] INFO: jiekou: 累计待收佣金
[2019-04-19 14:54:39.973886] INFO: jiekou: 昨日赚取佣金
[2019-04-19 15:11:19.231252] INFO: jiekou: 返回待发放奖品开始结束时间
[2019-04-19 15:11:19.305054] INFO: jiekou: 邀请好友列表-姜超
[2019-04-19 15:11:19.318020] INFO: jiekou: 邀请好友列表-超
[2019-04-19 15:11:19.328993] INFO: jiekou: 活动参与人数
[2019-04-19 15:11:19.335974] INFO: jiekou: 奖励人数
[2019-04-19 15:11:19.340958] INFO: jiekou: 当月赚取的人脉奖励
[2019-04-19 15:11:19.346942] INFO: jiekou: 我的当月邀请人
[2019-04-19 15:11:19.359910] INFO: jiekou: 我的邀請好友
[2019-04-19 15:11:19.387834] INFO: jiekou: 获取我的邀请码
[2019-04-19 15:11:19.408804] INFO: jiekou: 我的累计好友数量
[2019-04-19 15:11:19.444717] INFO: jiekou: 累计赚取金额
[2019-04-19 15:11:19.454661] INFO: jiekou: 累计待收佣金
[2019-04-19 15:11:19.462640] INFO: jiekou: 昨日赚取佣金
[2019-04-19 15:51:53.524755] INFO: jiekou: 返回待发放奖品开始结束时间
[2019-04-19 15:51:53.631471] INFO: jiekou: 邀请好友列表-姜超
[2019-04-19 15:51:53.674392] INFO: jiekou: 邀请好友列表-超
[2019-04-19 15:51:53.694342] INFO: jiekou: 活动参与人数
[2019-04-19 15:51:53.719237] INFO: jiekou: 奖励人数
[2019-04-19 15:51:53.731204] INFO: jiekou: 当月赚取的人脉奖励
[2019-04-19 15:51:53.738190] INFO: jiekou: 我的当月邀请人
[2019-04-19 15:51:53.759194] INFO: jiekou: 我的邀請好友
[2019-04-19 15:51:53.787055] INFO: jiekou: 获取我的邀请码
[2019-04-19 15:51:53.811993] INFO: jiekou: 我的累计好友数量
[2019-04-19 15:51:53.859543] INFO: jiekou: 累计赚取金额
[2019-04-19 15:51:53.867521] INFO: jiekou: 累计待收佣金
[2019-04-19 15:51:53.874579] INFO: jiekou: 昨日赚取佣金
[2019-04-19 15:54:07.861503] INFO: jiekou: 返回待发放奖品开始结束时间
[2019-04-19 15:54:07.876463] INFO: jiekou: 邀请好友列表-姜超
[2019-04-19 15:54:07.886461] INFO: jiekou: 邀请好友列表-超
[2019-04-19 15:54:07.895412] INFO: jiekou: 活动参与人数
[2019-04-19 15:54:07.903519] INFO: jiekou: 奖励人数
[2019-04-19 15:54:07.909377] INFO: jiekou: 当月赚取的人脉奖励
[2019-04-19 15:54:07.916357] INFO: jiekou: 我的当月邀请人
[2019-04-19 15:54:07.935488] INFO: jiekou: 我的邀請好友
[2019-04-19 15:54:07.961443] INFO: jiekou: 获取我的邀请码
[2019-04-19 15:54:07.972416] INFO: jiekou: 我的累计好友数量
[2019-04-19 15:54:08.009313] INFO: jiekou: 累计赚取金额
[2019-04-19 15:54:08.015298] INFO: jiekou: 累计待收佣金
[2019-04-19 15:54:08.022279] INFO: jiekou: 昨日赚取佣金
[2019-04-19 15:59:20.285670] INFO: jiekou: 返回待发放奖品开始结束时间
[2019-04-19 15:59:20.302660] INFO: jiekou: 邀请好友列表-姜超
[2019-04-19 15:59:20.334604] INFO: jiekou: 邀请好友列表-超
[2019-04-19 15:59:20.362529] INFO: jiekou: 活动参与人数
[2019-04-19 15:59:20.372474] INFO: jiekou: 奖励人数
[2019-04-19 15:59:20.382449] INFO: jiekou: 当月赚取的人脉奖励
[2019-04-19 15:59:20.391424] INFO: jiekou: 我的当月邀请人
[2019-04-19 15:59:20.411024] INFO: jiekou: 我的邀請好友
[2019-04-19 15:59:20.435951] INFO: jiekou: 获取我的邀请码
[2019-04-19 15:59:20.469886] INFO: jiekou: 我的累计好友数量
[2019-04-19 15:59:20.539679] INFO: jiekou: 累计赚取金额
[2019-04-19 15:59:20.551646] INFO: jiekou: 累计待收佣金
[2019-04-19 15:59:20.558628] INFO: jiekou: 昨日赚取佣金
[2019-04-19 16:00:42.256575] INFO: jiekou: 返回待发放奖品开始结束时间
[2019-04-19 16:00:42.269539] INFO: jiekou: 邀请好友列表-姜超
[2019-04-19 16:00:42.299487] INFO: jiekou: 邀请好友列表-超
[2019-04-19 16:00:42.326416] INFO: jiekou: 活动参与人数
[2019-04-19 16:00:42.335363] INFO: jiekou: 奖励人数
[2019-04-19 16:00:42.341347] INFO: jiekou: 当月赚取的人脉奖励
[2019-04-19 16:00:42.348329] INFO: jiekou: 我的当月邀请人
[2019-04-19 16:00:42.364290] INFO: jiekou: 我的邀請好友
[2019-04-19 16:00:42.402189] INFO: jiekou: 获取我的邀请码
[2019-04-19 16:00:42.463022] INFO: jiekou: 我的累计好友数量
[2019-04-19 16:00:42.546825] INFO: jiekou: 累计赚取金额
[2019-04-19 16:00:42.553807] INFO: jiekou: 累计待收佣金
[2019-04-19 16:00:42.560788] INFO: jiekou: 昨日赚取佣金
[2019-04-19 16:02:29.492874] INFO: jiekou: 返回待发放奖品开始结束时间
[2019-04-19 16:02:29.504842] INFO: jiekou: 邀请好友列表-姜超
[2019-04-19 16:02:29.513850] INFO: jiekou: 邀请好友列表-超
[2019-04-19 16:02:29.522794] INFO: jiekou: 活动参与人数
[2019-04-19 16:02:29.530777] INFO: jiekou: 奖励人数
[2019-04-19 16:02:29.537754] INFO: jiekou: 当月赚取的人脉奖励
[2019-04-19 16:02:29.544736] INFO: jiekou: 我的当月邀请人
[2019-04-19 16:02:29.562688] INFO: jiekou: 我的邀請好友
[2019-04-19 16:02:29.584630] INFO: jiekou: 获取我的邀请码
[2019-04-19 16:02:29.592608] INFO: jiekou: 我的累计好友数量
[2019-04-19 16:02:29.652449] INFO: jiekou: 累计赚取金额
[2019-04-19 16:02:29.659430] INFO: jiekou: 累计待收佣金
[2019-04-19 16:02:29.671398] INFO: jiekou: 昨日赚取佣金
[2019-04-19 16:02:29.698325] INFO: jiekou: 返回待发放奖品开始结束时间
[2019-04-19 16:03:35.397839] INFO: jiekou: 返回待发放奖品开始结束时间
[2019-04-19 16:03:35.407847] INFO: jiekou: 邀请好友列表-姜超
[2019-04-19 16:03:35.420804] INFO: jiekou: 邀请好友列表-超
[2019-04-19 16:03:35.432747] INFO: jiekou: 活动参与人数
[2019-04-19 16:03:35.440725] INFO: jiekou: 奖励人数
[2019-04-19 16:03:35.444742] INFO: jiekou: 当月赚取的人脉奖励
[2019-04-19 16:03:35.451696] INFO: jiekou: 我的当月邀请人
[2019-04-19 16:03:35.469651] INFO: jiekou: 我的邀請好友
[2019-04-19 16:03:35.493613] INFO: jiekou: 获取我的邀请码
[2019-04-19 16:03:35.509112] INFO: jiekou: 我的累计好友数量
[2019-04-19 16:03:35.568952] INFO: jiekou: 累计赚取金额
[2019-04-19 16:03:35.587071] INFO: jiekou: 累计待收佣金
[2019-04-19 16:03:35.593885] INFO: jiekou: 昨日赚取佣金
[2019-04-19 16:04:20.876201] INFO: jiekou: 返回待发放奖品开始结束时间
[2019-04-19 16:06:55.615599] INFO: jiekou: 返回待发放奖品开始结束时间
[2019-04-19 16:07:42.450834] INFO: jiekou: 返回待发放奖品开始结束时间
[2019-04-19 16:07:42.460810] INFO: jiekou: 邀请好友列表-姜超
[2019-04-19 16:07:42.472810] INFO: jiekou: 邀请好友列表-超
[2019-04-19 16:07:42.484746] INFO: jiekou: 活动参与人数
[2019-04-19 16:07:42.494719] INFO: jiekou: 奖励人数
[2019-04-19 16:07:42.500744] INFO: jiekou: 当月赚取的人脉奖励
[2019-04-19 16:07:42.509683] INFO: jiekou: 我的当月邀请人
[2019-04-19 16:07:42.526636] INFO: jiekou: 我的邀請好友
[2019-04-19 16:07:42.551569] INFO: jiekou: 获取我的邀请码
[2019-04-19 16:07:42.578526] INFO: jiekou: 我的累计好友数量
[2019-04-19 16:07:42.631384] INFO: jiekou: 累计赚取金额
[2019-04-19 16:07:42.638336] INFO: jiekou: 累计待收佣金
[2019-04-19 16:07:42.650305] INFO: jiekou: 昨日赚取佣金
[2019-04-19 16:16:21.010926] INFO: jiekou: 返回待发放奖品开始结束时间
[2019-04-19 16:16:21.020899] INFO: jiekou: 邀请好友列表-姜超
[2019-04-19 16:16:21.031869] INFO: jiekou: 邀请好友列表-超
[2019-04-19 16:16:21.039846] INFO: jiekou: 活动参与人数
[2019-04-19 16:16:21.047944] INFO: jiekou: 奖励人数
[2019-04-19 16:16:21.052924] INFO: jiekou: 当月赚取的人脉奖励
[2019-04-19 16:16:21.061815] INFO: jiekou: 我的当月邀请人
[2019-04-19 16:16:21.079771] INFO: jiekou: 我的邀請好友
[2019-04-19 16:16:21.100684] INFO: jiekou: 获取我的邀请码
[2019-04-19 16:16:21.108663] INFO: jiekou: 我的累计好友数量
[2019-04-19 16:16:21.151549] INFO: jiekou: 累计赚取金额
[2019-04-19 16:16:21.157532] INFO: jiekou: 累计待收佣金
[2019-04-19 16:16:21.163610] INFO: jiekou: 昨日赚取佣金
[2019-04-19 16:17:09.778835] INFO: jiekou: 返回待发放奖品开始结束时间
[2019-04-19 16:31:40.615254] INFO: jiekou: 返回待发放奖品开始结束时间
[2019-04-19 16:31:40.680249] INFO: jiekou: 邀请好友列表-姜超
[2019-04-19 16:31:40.713160] INFO: jiekou: 邀请好友列表-超
[2019-04-19 16:31:40.729630] INFO: jiekou: 活动参与人数
[2019-04-19 16:31:40.746585] INFO: jiekou: 奖励人数
[2019-04-19 16:31:40.759550] INFO: jiekou: 当月赚取的人脉奖励
[2019-04-19 16:31:40.772520] INFO: jiekou: 我的当月邀请人
[2019-04-19 16:31:40.789472] INFO: jiekou: 我的邀請好友
[2019-04-19 16:31:40.810424] INFO: jiekou: 获取我的邀请码
[2019-04-19 16:31:40.836347] INFO: jiekou: 我的累计好友数量
[2019-04-19 16:31:40.880251] INFO: jiekou: 累计赚取金额
[2019-04-19 16:31:40.887208] INFO: jiekou: 累计待收佣金
[2019-04-19 16:31:40.894224] INFO: jiekou: 昨日赚取佣金
[2019-04-19 16:53:14.215277] INFO: jiekou: 返回待发放奖品开始结束时间
[2019-04-19 16:53:14.300552] INFO: jiekou: 邀请好友列表-姜超
[2019-04-19 16:53:14.309525] INFO: jiekou: 邀请好友列表-超
[2019-04-19 16:53:14.329076] INFO: jiekou: 活动参与人数
[2019-04-19 16:53:14.337084] INFO: jiekou: 奖励人数
[2019-04-19 16:53:14.343041] INFO: jiekou: 当月赚取的人脉奖励
[2019-04-19 16:53:14.351044] INFO: jiekou: 我的当月邀请人
[2019-04-19 16:53:14.369967] INFO: jiekou: 我的邀請好友
[2019-04-19 16:53:14.396932] INFO: jiekou: 获取我的邀请码
[2019-04-19 16:53:14.423384] INFO: jiekou: 我的累计好友数量
[2019-04-19 16:53:14.474275] INFO: jiekou: 累计赚取金额
[2019-04-19 16:53:14.482261] INFO: jiekou: 累计待收佣金
[2019-04-19 16:53:14.489208] INFO: jiekou: 昨日赚取佣金
[2019-04-19 17:21:18.881105] INFO: jiekou: 返回待发放奖品开始结束时间
[2019-04-19 17:21:18.892074] INFO: jiekou: 邀请好友列表-姜超
[2019-04-19 17:21:18.901050] INFO: jiekou: 邀请好友列表-超
[2019-04-19 17:21:18.919999] INFO: jiekou: 活动参与人数
[2019-04-19 17:21:18.933145] INFO: jiekou: 奖励人数
[2019-04-19 17:21:18.937951] INFO: jiekou: 当月赚取的人脉奖励
[2019-04-19 17:21:18.944934] INFO: jiekou: 我的当月邀请人
[2019-04-19 17:21:18.961888] INFO: jiekou: 我的邀請好友
[2019-04-19 17:21:18.981834] INFO: jiekou: 获取我的邀请码
[2019-04-19 17:21:18.992961] INFO: jiekou: 我的累计好友数量
[2019-04-19 17:21:19.057262] INFO: jiekou: 累计赚取金额
[2019-04-19 17:21:19.065239] INFO: jiekou: 累计待收佣金
[2019-04-19 17:21:19.072225] INFO: jiekou: 昨日赚取佣金
[2019-04-19 17:24:28.135131] INFO: jiekou: 返回待发放奖品开始结束时间
[2019-04-19 17:24:28.144106] INFO: jiekou: 邀请好友列表-姜超
[2019-04-19 17:24:28.153083] INFO: jiekou: 邀请好友列表-超
[2019-04-19 17:24:28.162083] INFO: jiekou: 活动参与人数
[2019-04-19 17:24:28.169039] INFO: jiekou: 奖励人数
[2019-04-19 17:24:28.175112] INFO: jiekou: 当月赚取的人脉奖励
[2019-04-19 17:24:28.182005] INFO: jiekou: 我的当月邀请人
[2019-04-19 17:24:28.196964] INFO: jiekou: 我的邀請好友
[2019-04-19 17:24:28.222133] INFO: jiekou: 获取我的邀请码
[2019-04-19 17:24:28.231117] INFO: jiekou: 我的累计好友数量
[2019-04-19 17:24:28.274993] INFO: jiekou: 累计赚取金额
[2019-04-19 17:24:28.281974] INFO: jiekou: 累计待收佣金
[2019-04-19 17:24:28.289056] INFO: jiekou: 昨日赚取佣金
[2019-04-19 17:24:39.099293] INFO: jiekou: 返回待发放奖品开始结束时间
[2019-04-19 17:24:39.108241] INFO: jiekou: 邀请好友列表-姜超
[2019-04-19 17:24:39.116245] INFO: jiekou: 邀请好友列表-超
[2019-04-19 17:24:39.126192] INFO: jiekou: 活动参与人数
[2019-04-19 17:24:39.134267] INFO: jiekou: 奖励人数
[2019-04-19 17:24:39.138276] INFO: jiekou: 当月赚取的人脉奖励
[2019-04-19 17:24:39.146142] INFO: jiekou: 我的当月邀请人
[2019-04-19 17:24:39.164094] INFO: jiekou: 我的邀請好友
[2019-04-19 17:24:39.189027] INFO: jiekou: 获取我的邀请码
[2019-04-19 17:24:39.209972] INFO: jiekou: 我的累计好友数量
[2019-04-19 17:24:39.257840] INFO: jiekou: 累计赚取金额
[2019-04-19 17:24:39.263824] INFO: jiekou: 累计待收佣金
[2019-04-19 17:24:39.269810] INFO: jiekou: 昨日赚取佣金
[2019-04-19 17:24:39.292777] INFO: jiekou: 返回待发放奖品开始结束时间
[2019-04-19 17:25:19.501678] INFO: jiekou: 返回待发放奖品开始结束时间
[2019-04-19 17:25:19.509657] INFO: jiekou: 邀请好友列表-姜超
[2019-04-19 17:25:19.517635] INFO: jiekou: 邀请好友列表-超
[2019-04-19 17:25:19.524617] INFO: jiekou: 活动参与人数
[2019-04-19 17:25:19.530602] INFO: jiekou: 奖励人数
[2019-04-19 17:25:19.533594] INFO: jiekou: 当月赚取的人脉奖励
[2019-04-19 17:25:19.539702] INFO: jiekou: 我的当月邀请人
[2019-04-19 17:25:19.555534] INFO: jiekou: 我的邀請好友
[2019-04-19 17:25:19.577477] INFO: jiekou: 获取我的邀请码
[2019-04-19 17:25:19.588447] INFO: jiekou: 我的累计好友数量
[2019-04-19 17:25:19.626371] INFO: jiekou: 累计赚取金额
[2019-04-19 17:25:19.638315] INFO: jiekou: 累计待收佣金
[2019-04-19 17:25:19.644297] INFO: jiekou: 昨日赚取佣金
[2019-04-19 17:25:19.668233] INFO: jiekou: 返回待发放奖品开始结束时间
[2019-04-19 17:28:03.357834] INFO: jiekou: 返回待发放奖品开始结束时间
[2019-04-19 17:28:03.368777] INFO: jiekou: 邀请好友列表-姜超
[2019-04-19 17:28:03.377753] INFO: jiekou: 邀请好友列表-超
[2019-04-19 17:28:03.384734] INFO: jiekou: 活动参与人数
[2019-04-19 17:28:03.396816] INFO: jiekou: 奖励人数
[2019-04-19 17:28:03.401688] INFO: jiekou: 当月赚取的人脉奖励
[2019-04-19 17:28:03.408698] INFO: jiekou: 我的当月邀请人
[2019-04-19 17:28:03.424631] INFO: jiekou: 我的邀請好友
[2019-04-19 17:28:03.446569] INFO: jiekou: 获取我的邀请码
[2019-04-19 17:28:03.456574] INFO: jiekou: 我的累计好友数量
[2019-04-19 17:28:03.507405] INFO: jiekou: 累计赚取金额
[2019-04-19 17:28:03.526409] INFO: jiekou: 累计待收佣金
[2019-04-19 17:28:03.532340] INFO: jiekou: 昨日赚取佣金
[2019-04-19 17:28:05.240672] INFO: jiekou: 返回待发放奖品开始结束时间
[2019-04-19 17:30:47.642383] INFO: jiekou: 返回待发放奖品开始结束时间
[2019-04-19 17:30:47.652356] INFO: jiekou: 邀请好友列表-姜超
[2019-04-19 17:30:47.662331] INFO: jiekou: 邀请好友列表-超
[2019-04-19 17:30:47.672322] INFO: jiekou: 活动参与人数
[2019-04-19 17:30:47.680282] INFO: jiekou: 奖励人数
[2019-04-19 17:30:47.685268] INFO: jiekou: 当月赚取的人脉奖励
[2019-04-19 17:30:47.692254] INFO: jiekou: 我的当月邀请人
[2019-04-19 17:30:47.710203] INFO: jiekou: 我的邀請好友
[2019-04-19 17:30:47.733141] INFO: jiekou: 获取我的邀请码
[2019-04-19 17:30:47.744139] INFO: jiekou: 我的累计好友数量
[2019-04-19 17:30:47.795973] INFO: jiekou: 累计赚取金额
[2019-04-19 17:30:47.801956] INFO: jiekou: 累计待收佣金
[2019-04-19 17:30:47.807941] INFO: jiekou: 昨日赚取佣金
[2019-04-19 17:30:49.830528] INFO: jiekou: 返回待发放奖品开始结束时间
