[2019-06-20 16:12:43.687673] INFO: jiekou: 获取应用更新信息
[2019-06-20 16:12:43.843571] INFO: jiekou: 获取应用更新信息-versioncode等于更新版本
[2019-06-20 16:12:43.872364] INFO: jiekou: 获取应用更新信息-versioncode大于更新版本
[2019-06-20 16:12:43.910845] INFO: jiekou: 获取应用更新信息-versionname带有特殊字符
[2019-06-20 16:12:44.042725] INFO: jiekou: 获取应用更新信息-versioncode带有特殊字符
[2019-06-20 16:53:59.168558] INFO: jiekou: 重置密码
[2019-06-20 17:00:59.867054] INFO: jiekou: 重置密码
[2019-06-20 18:28:51.960709] INFO: jiekou: 充值
[2019-06-20 18:28:52.254084] INFO: jiekou: 充值-token错误
[2019-06-20 18:28:52.305576] INFO: jiekou: 充值-大于0小于1
[2019-06-20 18:28:52.329369] INFO: jiekou: 充值-负数
[2019-06-20 18:29:04.721069] INFO: jiekou: 充值页面调用
[2019-06-20 18:29:05.065029] INFO: jiekou: 充值页面调用-token错误
[2019-06-20 18:29:06.002332] INFO: jiekou: 充值页面调用-token为空
[2019-06-20 18:30:02.837228] INFO: jiekou: 充值页面调用
[2019-06-20 18:30:21.423465] INFO: jiekou: 充值页面调用-token错误
[2019-06-20 18:30:27.350150] INFO: jiekou: 充值页面调用
[2019-06-20 18:30:47.481130] INFO: jiekou: 充值页面调用-token错误
[2019-06-20 18:30:58.081129] INFO: jiekou: 充值页面调用-token为空
[2019-06-20 18:32:51.829199] INFO: jiekou: 充值页面调用
[2019-06-20 18:32:52.294152] INFO: jiekou: 充值页面调用-token错误
[2019-06-20 18:32:52.608281] INFO: jiekou: 充值页面调用-token为空
