[2019-06-27 18:18:10.411834] INFO: jiekou: 注册成功
[2019-06-27 18:18:10.727417] INFO: jiekou: 注册失败-phoneNo传空
[2019-06-27 18:18:40.168404] INFO: jiekou: 注册成功
[2019-06-27 18:18:40.256000] INFO: jiekou: 注册失败-phoneNo传空
[2019-06-27 18:18:40.284721] INFO: jiekou: 注册失败-phoneNo不传
[2019-06-27 18:18:40.305092] INFO: jiekou: 注册失败-phoneNo已注册
[2019-06-27 18:18:40.356295] INFO: jiekou: 注册失败-imgCode错误
[2019-06-27 18:18:40.406493] INFO: jiekou: 注册失败-imgCode传空
[2019-06-27 18:18:40.439140] INFO: jiekou: 注册失败-imgCode不传
[2019-06-27 18:18:40.460756] INFO: jiekou: 注册失败-smsCode传空
[2019-06-27 18:18:40.496439] INFO: jiekou: 注册失败-smsCode不传
[2019-06-27 18:18:40.529228] INFO: jiekou: 注册失败-smsCode错误
[2019-06-27 18:21:26.819642] INFO: jiekou: 新用户开户
[2019-06-27 18:21:26.899851] INFO: jiekou: 新用户开户-身份证号带有X
[2019-06-27 18:21:26.953846] INFO: jiekou: 新用户开户-身份证号错误
[2019-06-27 18:21:26.983795] INFO: jiekou: 新用户开户-身份证格式错误
[2019-06-27 18:21:27.012046] INFO: jiekou: 已经开户用户开户
[2019-06-27 18:22:02.985326] INFO: jiekou: 新用户开户
[2019-06-27 18:22:03.074256] INFO: jiekou: 新用户开户-身份证号带有X
[2019-06-27 18:22:03.122800] INFO: jiekou: 新用户开户-身份证号错误
[2019-06-27 18:22:03.141418] INFO: jiekou: 新用户开户-身份证格式错误
[2019-06-27 18:22:03.159737] INFO: jiekou: 已经开户用户开户
[2019-06-27 18:22:26.556865] INFO: jiekou: 公告信息
[2019-06-27 18:26:06.081292] INFO: jiekou: 公告信息
[2019-06-27 18:26:29.572837] INFO: jiekou: 公告详细信息
[2019-06-27 18:26:29.643663] INFO: jiekou: 公告详细信息-id不存在
[2019-06-27 18:27:05.611517] INFO: jiekou: 公告详细信息
[2019-06-27 18:27:05.665707] INFO: jiekou: 公告详细信息-id不存在
[2019-06-27 18:27:50.482083] INFO: jiekou: 公告详细信息
[2019-06-27 18:27:50.549682] INFO: jiekou: 公告详细信息-id不存在
[2019-06-27 18:28:07.992149] INFO: jiekou: 公告详细信息
[2019-06-27 18:28:08.035175] INFO: jiekou: 公告详细信息-id不存在
[2019-06-27 18:29:08.958095] INFO: jiekou: 站内信列表
[2019-06-27 18:29:09.331330] INFO: jiekou: 站内信列表-userid为空
[2019-06-27 18:29:09.355454] INFO: jiekou: 站内信列表-logintoken错误
[2019-06-27 18:29:09.646090] INFO: jiekou: 站内信列表-userid为String
[2019-06-27 18:30:10.712995] INFO: jiekou: 站内信列表
[2019-06-27 18:30:11.087674] INFO: jiekou: 站内信列表-userid为空
[2019-06-27 18:30:11.117325] INFO: jiekou: 站内信列表-logintoken错误
[2019-06-27 18:30:11.405537] INFO: jiekou: 站内信列表-userid为String
[2019-06-27 18:31:38.033673] INFO: jiekou: 读取站内信
[2019-06-27 18:31:38.077845] INFO: jiekou: 读取站内信-站内信ID不存在
[2019-06-27 18:31:38.098577] INFO: jiekou: 读取站内信-站内信ID无参数
[2019-06-27 18:31:38.114571] INFO: jiekou: 读取站内信-logintoken错误
[2019-06-27 18:34:26.008508] INFO: jiekou: 读取站内信
[2019-06-27 18:34:26.056504] INFO: jiekou: 读取站内信-站内信ID不存在
[2019-06-27 18:34:26.077360] INFO: jiekou: 读取站内信-站内信ID无参数
[2019-06-27 18:34:26.102061] INFO: jiekou: 读取站内信-logintoken错误
[2019-06-27 18:35:06.482394] INFO: jiekou: 读取站内信
[2019-06-27 18:35:06.529965] INFO: jiekou: 读取站内信-站内信ID不存在
[2019-06-27 18:35:06.551537] INFO: jiekou: 读取站内信-站内信ID无参数
[2019-06-27 18:35:06.578028] INFO: jiekou: 读取站内信-logintoken错误
[2019-06-27 18:35:25.324141] INFO: jiekou: 读取站内信
[2019-06-27 18:35:25.365929] INFO: jiekou: 读取站内信-站内信ID不存在
[2019-06-27 18:35:25.389533] INFO: jiekou: 读取站内信-站内信ID无参数
[2019-06-27 18:35:25.417080] INFO: jiekou: 读取站内信-logintoken错误
[2019-06-27 18:35:40.544336] INFO: jiekou: 站内信列表
[2019-06-27 18:35:40.886405] INFO: jiekou: 站内信列表-userid为空
[2019-06-27 18:35:40.907400] INFO: jiekou: 站内信列表-logintoken错误
[2019-06-27 18:35:41.222638] INFO: jiekou: 站内信列表-userid为String
[2019-06-27 18:36:30.944325] INFO: jiekou: 站内信列表
[2019-06-27 18:36:31.239115] INFO: jiekou: 站内信列表-userid为空
[2019-06-27 18:36:31.254347] INFO: jiekou: 站内信列表-logintoken错误
[2019-06-27 18:36:31.521426] INFO: jiekou: 站内信列表-userid为String
[2019-06-27 18:36:56.018605] INFO: jiekou: 站内信列表
[2019-06-27 18:36:56.341072] INFO: jiekou: 站内信列表-userid为空
[2019-06-27 18:36:56.364789] INFO: jiekou: 站内信列表-logintoken错误
[2019-06-27 18:36:56.700629] INFO: jiekou: 站内信列表-userid为String
[2019-06-27 18:40:11.563272] INFO: jiekou: 检查是否注册
[2019-06-27 18:40:11.631845] INFO: jiekou: 检查是否注册-手机已经注册
[2019-06-27 18:40:11.665317] INFO: jiekou: 检查是否注册-手机11位
[2019-06-27 18:40:11.699439] INFO: jiekou: 检查是否注册-手机带有字母
[2019-06-27 18:40:49.623150] INFO: jiekou: 重置密码
[2019-06-27 18:40:49.712434] INFO: jiekou: 重置密码-图形验证码错误
[2019-06-27 18:40:49.742241] INFO: jiekou: 重置密码-手机验证码错误
[2019-06-27 18:40:49.772524] INFO: jiekou: 重置密码-手机格式错误
[2019-06-27 18:41:00.460259] INFO: jiekou: 校验图形验证码
[2019-06-27 18:41:00.508842] INFO: jiekou: 校验图形验证码
[2019-06-27 18:41:13.638789] INFO: jiekou: 获取短信验证码
[2019-06-27 18:41:13.696531] INFO: jiekou: 获取短信验证码-图形验证码错误
[2019-06-27 18:41:13.749332] INFO: jiekou: 获取短信验证码-手机格式错误
[2019-06-27 18:41:30.151819] INFO: jiekou: 首页
[2019-06-27 18:41:30.733955] INFO: jiekou: 首页-老用户
[2019-06-27 18:41:31.286285] INFO: jiekou: 首页-轮播图
[2019-06-27 18:41:31.783758] INFO: jiekou: 首页-活动大弹框
[2019-06-27 18:41:32.126024] INFO: jiekou: 首页-活动小弹框
[2019-06-27 18:42:22.067726] INFO: jiekou: 
[2019-06-27 18:42:22.126435] INFO: jiekou: 
[2019-06-27 18:42:22.169578] INFO: jiekou: 
[2019-06-27 18:42:22.196100] INFO: jiekou: 个人资料
[2019-06-27 18:42:22.234673] INFO: jiekou: 个人资料-新用户
[2019-06-27 18:42:22.256879] INFO: jiekou: 个人资料-没开户
[2019-06-27 18:42:22.301837] INFO: jiekou: 个人资料-开户没评测
[2019-06-27 18:42:22.353956] INFO: jiekou: 个人资料-超级债权人
[2019-06-27 18:42:22.378774] INFO: jiekou: 个人资料-userId为空
[2019-06-27 18:42:22.418793] INFO: jiekou: 个人资料-userId不传
[2019-06-27 18:42:22.468993] INFO: jiekou: 个人资料-loginToken为空
[2019-06-27 18:42:22.507413] INFO: jiekou: 个人资料-loginToken不传
[2019-06-27 18:42:40.662688] INFO: jiekou: 
[2019-06-27 18:42:40.712421] INFO: jiekou: 
[2019-06-27 18:42:40.744819] INFO: jiekou: 
[2019-06-27 18:42:40.778148] INFO: jiekou: 个人资料
[2019-06-27 18:42:40.811237] INFO: jiekou: 个人资料-新用户
[2019-06-27 18:42:40.834922] INFO: jiekou: 个人资料-没开户
[2019-06-27 18:42:40.870152] INFO: jiekou: 个人资料-开户没评测
[2019-06-27 18:42:40.909224] INFO: jiekou: 个人资料-超级债权人
[2019-06-27 18:42:40.946158] INFO: jiekou: 个人资料-userId为空
[2019-06-27 18:42:40.973194] INFO: jiekou: 个人资料-userId不传
[2019-06-27 18:42:41.006200] INFO: jiekou: 个人资料-loginToken为空
[2019-06-27 18:42:41.044684] INFO: jiekou: 个人资料-loginToken不传
[2019-06-27 18:42:48.425567] INFO: jiekou: 
[2019-06-27 18:42:48.484079] INFO: jiekou: 
[2019-06-27 18:42:48.529999] INFO: jiekou: 
[2019-06-27 18:42:48.576097] INFO: jiekou: 个人资料
[2019-06-27 18:42:48.609077] INFO: jiekou: 个人资料-新用户
[2019-06-27 18:42:48.639564] INFO: jiekou: 个人资料-没开户
[2019-06-27 18:42:48.686654] INFO: jiekou: 个人资料-开户没评测
[2019-06-27 18:42:48.723510] INFO: jiekou: 个人资料-超级债权人
[2019-06-27 18:42:48.769132] INFO: jiekou: 个人资料-userId为空
[2019-06-27 18:42:48.798358] INFO: jiekou: 个人资料-userId不传
[2019-06-27 18:42:48.823929] INFO: jiekou: 个人资料-loginToken为空
[2019-06-27 18:42:48.850986] INFO: jiekou: 个人资料-loginToken不传
[2019-06-27 18:46:17.587804] INFO: jiekou: 个人资料
[2019-06-27 18:46:17.645925] INFO: jiekou: 个人资料-新用户
[2019-06-27 18:46:17.681161] INFO: jiekou: 个人资料-没开户
[2019-06-27 18:46:17.712405] INFO: jiekou: 个人资料-开户没评测
[2019-06-27 18:46:17.740674] INFO: jiekou: 个人资料-超级债权人
[2019-06-27 18:46:17.781567] INFO: jiekou: 个人资料-userId为空
[2019-06-27 18:46:17.843136] INFO: jiekou: 个人资料-userId不传
[2019-06-27 18:46:17.874082] INFO: jiekou: 个人资料-loginToken为空
[2019-06-27 18:46:17.895500] INFO: jiekou: 个人资料-loginToken不传
[2019-06-27 18:48:52.218969] INFO: jiekou: 新用户开户
[2019-06-27 18:49:02.527024] INFO: jiekou: 新用户开户-身份证号带有X
[2019-06-27 18:49:02.599203] INFO: jiekou: 新用户开户-身份证号错误
[2019-06-27 18:49:02.645652] INFO: jiekou: 新用户开户-身份证格式错误
[2019-06-27 18:49:02.673504] INFO: jiekou: 已经开户用户开户
[2019-06-27 18:50:28.106758] INFO: jiekou: 新用户开户
[2019-06-27 18:50:28.208429] INFO: jiekou: 新用户开户-身份证号带有X
[2019-06-27 18:50:28.269586] INFO: jiekou: 新用户开户-身份证号错误
[2019-06-27 18:50:28.310269] INFO: jiekou: 新用户开户-身份证格式错误
[2019-06-27 18:50:28.344086] INFO: jiekou: 已经开户用户开户
[2019-06-27 18:50:54.812971] INFO: jiekou: 新用户开户
[2019-06-27 18:50:54.889093] INFO: jiekou: 新用户开户-身份证号带有X
[2019-06-27 18:50:54.951928] INFO: jiekou: 新用户开户-身份证号错误
[2019-06-27 18:50:54.989764] INFO: jiekou: 新用户开户-身份证格式错误
[2019-06-27 18:50:55.023705] INFO: jiekou: 已经开户用户开户
[2019-06-27 18:51:10.667691] INFO: jiekou: 注册成功
[2019-06-27 18:51:10.746243] INFO: jiekou: 注册失败-phoneNo传空
[2019-06-27 18:51:10.801237] INFO: jiekou: 注册失败-phoneNo不传
[2019-06-27 18:51:10.835414] INFO: jiekou: 注册失败-phoneNo已注册
[2019-06-27 18:51:10.887918] INFO: jiekou: 注册失败-imgCode错误
[2019-06-27 18:51:10.950544] INFO: jiekou: 注册失败-imgCode传空
[2019-06-27 18:51:10.991465] INFO: jiekou: 注册失败-imgCode不传
[2019-06-27 18:51:11.037020] INFO: jiekou: 注册失败-smsCode传空
[2019-06-27 18:51:11.078120] INFO: jiekou: 注册失败-smsCode不传
[2019-06-27 18:51:11.110501] INFO: jiekou: 注册失败-smsCode错误
[2019-06-27 18:52:58.424998] INFO: jiekou: 注册成功
[2019-06-27 18:52:58.487441] INFO: jiekou: 注册失败-phoneNo传空
[2019-06-27 18:52:58.520132] INFO: jiekou: 注册失败-phoneNo不传
[2019-06-27 18:52:58.546734] INFO: jiekou: 注册失败-phoneNo已注册
[2019-06-27 18:52:58.579778] INFO: jiekou: 注册失败-imgCode错误
[2019-06-27 18:52:58.611809] INFO: jiekou: 注册失败-imgCode传空
[2019-06-27 18:52:58.646058] INFO: jiekou: 注册失败-imgCode不传
[2019-06-27 18:52:58.674806] INFO: jiekou: 注册失败-smsCode传空
[2019-06-27 18:52:58.741485] INFO: jiekou: 注册失败-smsCode不传
[2019-06-27 18:52:58.828197] INFO: jiekou: 注册失败-smsCode错误
[2019-06-27 18:59:41.165618] INFO: jiekou: 注册成功
[2019-06-27 18:59:41.224977] INFO: jiekou: 注册失败-phoneNo传空
[2019-06-27 18:59:41.265409] INFO: jiekou: 注册失败-phoneNo不传
[2019-06-27 18:59:41.315422] INFO: jiekou: 注册失败-phoneNo已注册
[2019-06-27 18:59:41.353050] INFO: jiekou: 注册失败-imgCode错误
[2019-06-27 18:59:41.386261] INFO: jiekou: 注册失败-imgCode传空
[2019-06-27 18:59:41.445002] INFO: jiekou: 注册失败-imgCode不传
[2019-06-27 18:59:41.483540] INFO: jiekou: 注册失败-smsCode传空
[2019-06-27 18:59:41.519194] INFO: jiekou: 注册失败-smsCode不传
[2019-06-27 18:59:41.557631] INFO: jiekou: 注册失败-smsCode错误
[2019-06-27 19:01:13.934490] INFO: jiekou: 注册成功
[2019-06-27 19:01:14.173695] INFO: jiekou: 注册失败-phoneNo传空
[2019-06-27 19:01:14.201410] INFO: jiekou: 注册失败-phoneNo不传
[2019-06-27 19:01:14.232306] INFO: jiekou: 注册失败-phoneNo已注册
[2019-06-27 19:01:14.294915] INFO: jiekou: 注册失败-imgCode错误
[2019-06-27 19:01:14.343279] INFO: jiekou: 注册失败-imgCode传空
[2019-06-27 19:01:14.378619] INFO: jiekou: 注册失败-imgCode不传
[2019-06-27 19:01:14.409244] INFO: jiekou: 注册失败-smsCode传空
[2019-06-27 19:01:14.457172] INFO: jiekou: 注册失败-smsCode不传
[2019-06-27 19:01:14.486215] INFO: jiekou: 注册失败-smsCode错误
[2019-06-27 19:01:54.122203] INFO: jiekou: 注册成功
[2019-06-27 19:01:54.298544] INFO: jiekou: 注册失败-phoneNo传空
[2019-06-27 19:01:54.401139] INFO: jiekou: 注册失败-phoneNo不传
[2019-06-27 19:01:54.463995] INFO: jiekou: 注册失败-phoneNo已注册
[2019-06-27 19:01:54.540434] INFO: jiekou: 注册失败-imgCode错误
[2019-06-27 19:01:54.603006] INFO: jiekou: 注册失败-imgCode传空
[2019-06-27 19:01:54.652586] INFO: jiekou: 注册失败-imgCode不传
[2019-06-27 19:01:54.727768] INFO: jiekou: 注册失败-smsCode传空
[2019-06-27 19:01:54.894367] INFO: jiekou: 注册失败-smsCode不传
[2019-06-27 19:01:54.988372] INFO: jiekou: 注册失败-smsCode错误
